<?xml version="1.0" encoding="UTF-8"?>
<testng-results ignored="0" total="1" passed="1" failed="0" skipped="0">
  <reporter-output>
  </reporter-output>
  <suite started-at="2024-01-17T10:51:48 IST" name="Default suite" finished-at="2024-01-17T10:52:02 IST" duration-ms="13496">
    <groups>
    </groups>
    <test started-at="2024-01-17T10:51:48 IST" name="Default test" finished-at="2024-01-17T10:52:02 IST" duration-ms="13496">
      <class name="Parameter.SearchForAmazon">
        <test-method signature="Amazon_Test()[pri:0, instance:Parameter.SearchForAmazon@351d00c0]" started-at="2024-01-17T10:51:49 IST" name="Amazon_Test" finished-at="2024-01-17T10:52:02 IST" duration-ms="13422" status="PASS">
          <reporter-output>
          </reporter-output>
        </test-method> <!-- Amazon_Test -->
      </class> <!-- Parameter.SearchForAmazon -->
    </test> <!-- Default test -->
  </suite> <!-- Default suite -->
</testng-results>
